# JRE version: 7.0_25-b17
# Java VM: Java HotSpot(TM) Client VM (23.25-b01 mixed mode, sharing windows-x86 )
Heap
 def new generation   total 4928K, used 1682K [0x23a00000, 0x23f50000, 0x28f50000)
  eden space 4416K,  32% used [0x23a00000, 0x23b61928, 0x23e50000)
  from space 512K,  52% used [0x23ed0000, 0x23f13260, 0x23f50000)
  to   space 512K,   0% used [0x23e50000, 0x23e50000, 0x23ed0000)
 tenured generation   total 10944K, used 10803K [0x28f50000, 0x29a00000, 0x33a00000)
   the space 10944K,  98% used [0x28f50000, 0x299dcfa8, 0x299dd000, 0x29a00000)
 compacting perm gen  total 12288K, used 5477K [0x33a00000, 0x34600000, 0x37a00000)
   the space 12288K,  44% used [0x33a00000, 0x33f59470, 0x33f59600, 0x34600000)
    ro space 10240K,  45% used [0x37a00000, 0x37e89b28, 0x37e89c00, 0x38400000)
    rw space 12288K,  54% used [0x38400000, 0x38a8d0e8, 0x38a8d200, 0x39000000)
GC Heap History (10 events):
Event: 16.846 GC heap before
{Heap before GC invocations=18 (full 0):
 def new generation   total 4928K, used 4517K [0x23a00000, 0x23f50000, 0x28f50000)
  eden space 4416K,  99% used [0x23a00000, 0x23e4fb40, 0x23e50000)
  from space 512K,  20% used [0x23e50000, 0x23e69ca0, 0x23ed0000)
  to   space 512K,   0% used [0x23ed0000, 0x23ed0000, 0x23f50000)
 tenured generation   total 10944K, used 10803K [0x28f50000, 0x29a00000, 0x33a00000)
   the space 10944K,  98% used [0x28f50000, 0x299dcfa8, 0x299dd000, 0x29a00000)
 compacting perm gen  total 12288K, used 5473K [0x33a00000, 0x34600000, 0x37a00000)
   the space 12288K,  44% used [0x33a00000, 0x33f58768, 0x33f58800, 0x34600000)
    ro space 10240K,  45% used [0x37a00000, 0x37e89b28, 0x37e89c00, 0x38400000)
    rw space 12288K,  54% used [0x38400000, 0x38a8d0e8, 0x38a8d200, 0x39000000)
Event: 16.847 GC heap after
Heap after GC invocations=19 (full 0):
 def new generation   total 4928K, used 103K [0x23a00000, 0x23f50000, 0x28f50000)
  eden space 4416K,   0% used [0x23a00000, 0x23a00000, 0x23e50000)
  from space 512K,  20% used [0x23ed0000, 0x23ee9ca0, 0x23f50000)
  to   space 512K,   0% used [0x23e50000, 0x23e50000, 0x23ed0000)
 tenured generation   total 10944K, used 10803K [0x28f50000, 0x29a00000, 0x33a00000)
   the space 10944K,  98% used [0x28f50000, 0x299dcfa8, 0x299dd000, 0x29a00000)
 compacting perm gen  total 12288K, used 5473K [0x33a00000, 0x34600000, 0x37a00000)
   the space 12288K,  44% used [0x33a00000, 0x33f58768, 0x33f58800, 0x34600000)
    ro space 10240K,  45% used [0x37a00000, 0x37e89b28, 0x37e89c00, 0x38400000)
    rw space 12288K,  54% used [0x38400000, 0x38a8d0e8, 0x38a8d200, 0x39000000)
}
Event: 16.884 GC heap before
{Heap before GC invocations=19 (full 0):
 def new generation   total 4928K, used 4515K [0x23a00000, 0x23f50000, 0x28f50000)
  eden space 4416K,  99% used [0x23a00000, 0x23e4f2c8, 0x23e50000)
  from space 512K,  20% used [0x23ed0000, 0x23ee9ca0, 0x23f50000)
  to   space 512K,   0% used [0x23e50000, 0x23e50000, 0x23ed0000)
 tenured generation   total 10944K, used 10803K [0x28f50000, 0x29a00000, 0x33a00000)
   the space 10944K,  98% used [0x28f50000, 0x299dcfa8, 0x299dd000, 0x29a00000)
 compacting perm gen  total 12288K, used 5473K [0x33a00000, 0x34600000, 0x37a00000)
   the space 12288K,  44% used [0x33a00000, 0x33f58768, 0x33f58800, 0x34600000)
    ro space 10240K,  45% used [0x37a00000, 0x37e89b28, 0x37e89c00, 0x38400000)
    rw space 12288K,  54% used [0x38400000, 0x38a8d0e8, 0x38a8d200, 0x39000000)
Event: 16.885 GC heap after
Heap after GC invocations=20 (full 0):
 def new generation   total 4928K, used 103K [0x23a00000, 0x23f50000, 0x28f50000)
  eden space 4416K,   0% used [0x23a00000, 0x23a00000, 0x23e50000)
  from space 512K,  20% used [0x23e50000, 0x23e69ca0, 0x23ed0000)
  to   space 512K,   0% used [0x23ed0000, 0x23ed0000, 0x23f50000)
 tenured generation   total 10944K, used 10803K [0x28f50000, 0x29a00000, 0x33a00000)
   the space 10944K,  98% used [0x28f50000, 0x299dcfa8, 0x299dd000, 0x29a00000)
 compacting perm gen  total 12288K, used 5473K [0x33a00000, 0x34600000, 0x37a00000)
   the space 12288K,  44% used [0x33a00000, 0x33f58768, 0x33f58800, 0x34600000)
    ro space 10240K,  45% used [0x37a00000, 0x37e89b28, 0x37e89c00, 0x38400000)
    rw space 12288K,  54% used [0x38400000, 0x38a8d0e8, 0x38a8d200, 0x39000000)
}
Event: 16.926 GC heap before
{Heap before GC invocations=20 (full 0):
 def new generation   total 4928K, used 4517K [0x23a00000, 0x23f50000, 0x28f50000)
  eden space 4416K,  99% used [0x23a00000, 0x23e4fab0, 0x23e50000)
  from space 512K,  20% used [0x23e50000, 0x23e69ca0, 0x23ed0000)
  to   space 512K,   0% used [0x23ed0000, 0x23ed0000, 0x23f50000)
 tenured generation   total 10944K, used 10803K [0x28f50000, 0x29a00000, 0x33a00000)
   the space 10944K,  98% used [0x28f50000, 0x299dcfa8, 0x299dd000, 0x29a00000)
 compacting perm gen  total 12288K, used 5473K [0x33a00000, 0x34600000, 0x37a00000)
   the space 12288K,  44% used [0x33a00000, 0x33f58768, 0x33f58800, 0x34600000)
    ro space 10240K,  45% used [0x37a00000, 0x37e89b28, 0x37e89c00, 0x38400000)
    rw space 12288K,  54% used [0x38400000, 0x38a8d0e8, 0x38a8d200, 0x39000000)
Event: 16.928 GC heap after
Heap after GC invocations=21 (full 0):
 def new generation   total 4928K, used 103K [0x23a00000, 0x23f50000, 0x28f50000)
  eden space 4416K,   0% used [0x23a00000, 0x23a00000, 0x23e50000)
  from space 512K,  20% used [0x23ed0000, 0x23ee9ca0, 0x23f50000)
  to   space 512K,   0% used [0x23e50000, 0x23e50000, 0x23ed0000)
 tenured generation   total 10944K, used 10803K [0x28f50000, 0x29a00000, 0x33a00000)
   the space 10944K,  98% used [0x28f50000, 0x299dcfa8, 0x299dd000, 0x29a00000)
 compacting perm gen  total 12288K, used 5473K [0x33a00000, 0x34600000, 0x37a00000)
   the space 12288K,  44% used [0x33a00000, 0x33f58768, 0x33f58800, 0x34600000)
    ro space 10240K,  45% used [0x37a00000, 0x37e89b28, 0x37e89c00, 0x38400000)
    rw space 12288K,  54% used [0x38400000, 0x38a8d0e8, 0x38a8d200, 0x39000000)
}
Event: 20.885 GC heap before
{Heap before GC invocations=21 (full 0):
 def new generation   total 4928K, used 4519K [0x23a00000, 0x23f50000, 0x28f50000)
  eden space 4416K, 100% used [0x23a00000, 0x23e50000, 0x23e50000)
  from space 512K,  20% used [0x23ed0000, 0x23ee9ca0, 0x23f50000)
  to   space 512K,   0% used [0x23e50000, 0x23e50000, 0x23ed0000)
 tenured generation   total 10944K, used 10803K [0x28f50000, 0x29a00000, 0x33a00000)
   the space 10944K,  98% used [0x28f50000, 0x299dcfa8, 0x299dd000, 0x29a00000)
 compacting perm gen  total 12288K, used 5474K [0x33a00000, 0x34600000, 0x37a00000)
   the space 12288K,  44% used [0x33a00000, 0x33f58868, 0x33f58a00, 0x34600000)
    ro space 10240K,  45% used [0x37a00000, 0x37e89b28, 0x37e89c00, 0x38400000)
    rw space 12288K,  54% used [0x38400000, 0x38a8d0e8, 0x38a8d200, 0x39000000)
Event: 20.886 GC heap after
Heap after GC invocations=22 (full 0):
 def new generation   total 4928K, used 235K [0x23a00000, 0x23f50000, 0x28f50000)
  eden space 4416K,   0% used [0x23a00000, 0x23a00000, 0x23e50000)
  from space 512K,  46% used [0x23e50000, 0x23e8ae70, 0x23ed0000)
  to   space 512K,   0% used [0x23ed0000, 0x23ed0000, 0x23f50000)
 tenured generation   total 10944K, used 10803K [0x28f50000, 0x29a00000, 0x33a00000)
   the space 10944K,  98% used [0x28f50000, 0x299dcfa8, 0x299dd000, 0x29a00000)
 compacting perm gen  total 12288K, used 5474K [0x33a00000, 0x34600000, 0x37a00000)
   the space 12288K,  44% used [0x33a00000, 0x33f58868, 0x33f58a00, 0x34600000)
    ro space 10240K,  45% used [0x37a00000, 0x37e89b28, 0x37e89c00, 0x38400000)
    rw space 12288K,  54% used [0x38400000, 0x38a8d0e8, 0x38a8d200, 0x39000000)
}
Event: 26.044 GC heap before
{Heap before GC invocations=22 (full 0):
 def new generation   total 4928K, used 4651K [0x23a00000, 0x23f50000, 0x28f50000)
  eden space 4416K, 100% used [0x23a00000, 0x23e50000, 0x23e50000)
  from space 512K,  46% used [0x23e50000, 0x23e8ae70, 0x23ed0000)
  to   space 512K,   0% used [0x23ed0000, 0x23ed0000, 0x23f50000)
 tenured generation   total 10944K, used 10803K [0x28f50000, 0x29a00000, 0x33a00000)
   the space 10944K,  98% used [0x28f50000, 0x299dcfa8, 0x299dd000, 0x29a00000)
 compacting perm gen  total 12288K, used 5474K [0x33a00000, 0x34600000, 0x37a00000)
   the space 12288K,  44% used [0x33a00000, 0x33f58948, 0x33f58a00, 0x34600000)
    ro space 10240K,  45% used [0x37a00000, 0x37e89b28, 0x37e89c00, 0x38400000)
    rw space 12288K,  54% used [0x38400000, 0x38a8d0e8, 0x38a8d200, 0x39000000)
Event: 26.045 GC heap after
Heap after GC invocations=23 (full 0):
 def new generation   total 4928K, used 268K [0x23a00000, 0x23f50000, 0x28f50000)
  eden space 4416K,   0% used [0x23a00000, 0x23a00000, 0x23e50000)
  from space 512K,  52% used [0x23ed0000, 0x23f13260, 0x23f50000)
  to   space 512K,   0% used [0x23e50000, 0x23e50000, 0x23ed0000)
 tenured generation   total 10944K, used 10803K [0x28f50000, 0x29a00000, 0x33a00000)
   the space 10944K,  98% used [0x28f50000, 0x299dcfa8, 0x299dd000, 0x29a00000)
 compacting perm gen  total 12288K, used 5474K [0x33a00000, 0x34600000, 0x37a00000)
   the space 12288K,  44% used [0x33a00000, 0x33f58948, 0x33f58a00, 0x34600000)
    ro space 10240K,  45% used [0x37a00000, 0x37e89b28, 0x37e89c00, 0x38400000)
    rw space 12288K,  54% used [0x38400000, 0x38a8d0e8, 0x38a8d200, 0x39000000)
}

