# JRE version: 7.0_25-b17
# Java VM: Java HotSpot(TM) Client VM (23.25-b01 mixed mode, sharing windows-x86 )
Heap
 def new generation   total 8000K, used 2521K [0x23a00000, 0x242a0000, 0x28f50000)
  eden space 7168K,  30% used [0x23a00000, 0x23c21800, 0x24100000)
  from space 832K,  40% used [0x241d0000, 0x24224da0, 0x242a0000)
  to   space 832K,   0% used [0x24100000, 0x24100000, 0x241d0000)
 tenured generation   total 17580K, used 14669K [0x28f50000, 0x2a07b000, 0x33a00000)
   the space 17580K,  83% used [0x28f50000, 0x29da3428, 0x29da3600, 0x2a07b000)
 compacting perm gen  total 12288K, used 5523K [0x33a00000, 0x34600000, 0x37a00000)
   the space 12288K,  44% used [0x33a00000, 0x33f64e70, 0x33f65000, 0x34600000)
    ro space 10240K,  45% used [0x37a00000, 0x37e89b28, 0x37e89c00, 0x38400000)
    rw space 12288K,  54% used [0x38400000, 0x38a8d0e8, 0x38a8d200, 0x39000000)
GC Heap History (10 events):
Event: 10.255 GC heap before
{Heap before GC invocations=14 (full 1):
 def new generation   total 8000K, used 7236K [0x23a00000, 0x242a0000, 0x28f50000)
  eden space 7168K,  99% used [0x23a00000, 0x240ff5c8, 0x24100000)
  from space 832K,   8% used [0x24100000, 0x24111bb0, 0x241d0000)
  to   space 832K,   0% used [0x241d0000, 0x241d0000, 0x242a0000)
 tenured generation   total 17580K, used 10767K [0x28f50000, 0x2a07b000, 0x33a00000)
   the space 17580K,  61% used [0x28f50000, 0x299d3e78, 0x299d4000, 0x2a07b000)
 compacting perm gen  total 12288K, used 5483K [0x33a00000, 0x34600000, 0x37a00000)
   the space 12288K,  44% used [0x33a00000, 0x33f5ae98, 0x33f5b000, 0x34600000)
    ro space 10240K,  45% used [0x37a00000, 0x37e89b28, 0x37e89c00, 0x38400000)
    rw space 12288K,  54% used [0x38400000, 0x38a8d0e8, 0x38a8d200, 0x39000000)
Event: 10.257 GC heap after
Heap after GC invocations=15 (full 1):
 def new generation   total 8000K, used 29K [0x23a00000, 0x242a0000, 0x28f50000)
  eden space 7168K,   0% used [0x23a00000, 0x23a00000, 0x24100000)
  from space 832K,   3% used [0x241d0000, 0x241d74c8, 0x242a0000)
  to   space 832K,   0% used [0x24100000, 0x24100000, 0x241d0000)
 tenured generation   total 17580K, used 10767K [0x28f50000, 0x2a07b000, 0x33a00000)
   the space 17580K,  61% used [0x28f50000, 0x299d3e78, 0x299d4000, 0x2a07b000)
 compacting perm gen  total 12288K, used 5483K [0x33a00000, 0x34600000, 0x37a00000)
   the space 12288K,  44% used [0x33a00000, 0x33f5ae98, 0x33f5b000, 0x34600000)
    ro space 10240K,  45% used [0x37a00000, 0x37e89b28, 0x37e89c00, 0x38400000)
    rw space 12288K,  54% used [0x38400000, 0x38a8d0e8, 0x38a8d200, 0x39000000)
}
Event: 10.308 GC heap before
{Heap before GC invocations=15 (full 1):
 def new generation   total 8000K, used 7194K [0x23a00000, 0x242a0000, 0x28f50000)
  eden space 7168K,  99% used [0x23a00000, 0x240ff568, 0x24100000)
  from space 832K,   3% used [0x241d0000, 0x241d74c8, 0x242a0000)
  to   space 832K,   0% used [0x24100000, 0x24100000, 0x241d0000)
 tenured generation   total 17580K, used 10767K [0x28f50000, 0x2a07b000, 0x33a00000)
   the space 17580K,  61% used [0x28f50000, 0x299d3e78, 0x299d4000, 0x2a07b000)
 compacting perm gen  total 12288K, used 5483K [0x33a00000, 0x34600000, 0x37a00000)
   the space 12288K,  44% used [0x33a00000, 0x33f5ae98, 0x33f5b000, 0x34600000)
    ro space 10240K,  45% used [0x37a00000, 0x37e89b28, 0x37e89c00, 0x38400000)
    rw space 12288K,  54% used [0x38400000, 0x38a8d0e8, 0x38a8d200, 0x39000000)
Event: 10.309 GC heap after
Heap after GC invocations=16 (full 1):
 def new generation   total 8000K, used 29K [0x23a00000, 0x242a0000, 0x28f50000)
  eden space 7168K,   0% used [0x23a00000, 0x23a00000, 0x24100000)
  from space 832K,   3% used [0x24100000, 0x24107520, 0x241d0000)
  to   space 832K,   0% used [0x241d0000, 0x241d0000, 0x242a0000)
 tenured generation   total 17580K, used 10767K [0x28f50000, 0x2a07b000, 0x33a00000)
   the space 17580K,  61% used [0x28f50000, 0x299d3e78, 0x299d4000, 0x2a07b000)
 compacting perm gen  total 12288K, used 5483K [0x33a00000, 0x34600000, 0x37a00000)
   the space 12288K,  44% used [0x33a00000, 0x33f5ae98, 0x33f5b000, 0x34600000)
    ro space 10240K,  45% used [0x37a00000, 0x37e89b28, 0x37e89c00, 0x38400000)
    rw space 12288K,  54% used [0x38400000, 0x38a8d0e8, 0x38a8d200, 0x39000000)
}
Event: 10.377 GC heap before
{Heap before GC invocations=16 (full 1):
 def new generation   total 8000K, used 7195K [0x23a00000, 0x242a0000, 0x28f50000)
  eden space 7168K,  99% used [0x23a00000, 0x240ff978, 0x24100000)
  from space 832K,   3% used [0x24100000, 0x24107520, 0x241d0000)
  to   space 832K,   0% used [0x241d0000, 0x241d0000, 0x242a0000)
 tenured generation   total 17580K, used 10767K [0x28f50000, 0x2a07b000, 0x33a00000)
   the space 17580K,  61% used [0x28f50000, 0x299d3e78, 0x299d4000, 0x2a07b000)
 compacting perm gen  total 12288K, used 5483K [0x33a00000, 0x34600000, 0x37a00000)
   the space 12288K,  44% used [0x33a00000, 0x33f5ae98, 0x33f5b000, 0x34600000)
    ro space 10240K,  45% used [0x37a00000, 0x37e89b28, 0x37e89c00, 0x38400000)
    rw space 12288K,  54% used [0x38400000, 0x38a8d0e8, 0x38a8d200, 0x39000000)
Event: 10.378 GC heap after
Heap after GC invocations=17 (full 1):
 def new generation   total 8000K, used 29K [0x23a00000, 0x242a0000, 0x28f50000)
  eden space 7168K,   0% used [0x23a00000, 0x23a00000, 0x24100000)
  from space 832K,   3% used [0x241d0000, 0x241d7520, 0x242a0000)
  to   space 832K,   0% used [0x24100000, 0x24100000, 0x241d0000)
 tenured generation   total 17580K, used 10767K [0x28f50000, 0x2a07b000, 0x33a00000)
   the space 17580K,  61% used [0x28f50000, 0x299d3e78, 0x299d4000, 0x2a07b000)
 compacting perm gen  total 12288K, used 5483K [0x33a00000, 0x34600000, 0x37a00000)
   the space 12288K,  44% used [0x33a00000, 0x33f5ae98, 0x33f5b000, 0x34600000)
    ro space 10240K,  45% used [0x37a00000, 0x37e89b28, 0x37e89c00, 0x38400000)
    rw space 12288K,  54% used [0x38400000, 0x38a8d0e8, 0x38a8d200, 0x39000000)
}
Event: 14.519 GC heap before
{Heap before GC invocations=17 (full 1):
 def new generation   total 8000K, used 7197K [0x23a00000, 0x242a0000, 0x28f50000)
  eden space 7168K, 100% used [0x23a00000, 0x24100000, 0x24100000)
  from space 832K,   3% used [0x241d0000, 0x241d7520, 0x242a0000)
  to   space 832K,   0% used [0x24100000, 0x24100000, 0x241d0000)
 tenured generation   total 17580K, used 10767K [0x28f50000, 0x2a07b000, 0x33a00000)
   the space 17580K,  61% used [0x28f50000, 0x299d3e78, 0x299d4000, 0x2a07b000)
 compacting perm gen  total 12288K, used 5513K [0x33a00000, 0x34600000, 0x37a00000)
   the space 12288K,  44% used [0x33a00000, 0x33f62618, 0x33f62800, 0x34600000)
    ro space 10240K,  45% used [0x37a00000, 0x37e89b28, 0x37e89c00, 0x38400000)
    rw space 12288K,  54% used [0x38400000, 0x38a8d0e8, 0x38a8d200, 0x39000000)
Event: 14.522 GC heap after
Heap after GC invocations=18 (full 1):
 def new generation   total 8000K, used 195K [0x23a00000, 0x242a0000, 0x28f50000)
  eden space 7168K,   0% used [0x23a00000, 0x23a00000, 0x24100000)
  from space 832K,  23% used [0x24100000, 0x24130ce0, 0x241d0000)
  to   space 832K,   0% used [0x241d0000, 0x241d0000, 0x242a0000)
 tenured generation   total 17580K, used 12502K [0x28f50000, 0x2a07b000, 0x33a00000)
   the space 17580K,  71% used [0x28f50000, 0x29b85ad8, 0x29b85c00, 0x2a07b000)
 compacting perm gen  total 12288K, used 5513K [0x33a00000, 0x34600000, 0x37a00000)
   the space 12288K,  44% used [0x33a00000, 0x33f62618, 0x33f62800, 0x34600000)
    ro space 10240K,  45% used [0x37a00000, 0x37e89b28, 0x37e89c00, 0x38400000)
    rw space 12288K,  54% used [0x38400000, 0x38a8d0e8, 0x38a8d200, 0x39000000)
}
Event: 18.081 GC heap before
{Heap before GC invocations=18 (full 1):
 def new generation   total 8000K, used 7363K [0x23a00000, 0x242a0000, 0x28f50000)
  eden space 7168K, 100% used [0x23a00000, 0x24100000, 0x24100000)
  from space 832K,  23% used [0x24100000, 0x24130ce0, 0x241d0000)
  to   space 832K,   0% used [0x241d0000, 0x241d0000, 0x242a0000)
 tenured generation   total 17580K, used 12502K [0x28f50000, 0x2a07b000, 0x33a00000)
   the space 17580K,  71% used [0x28f50000, 0x29b85ad8, 0x29b85c00, 0x2a07b000)
 compacting perm gen  total 12288K, used 5520K [0x33a00000, 0x34600000, 0x37a00000)
   the space 12288K,  44% used [0x33a00000, 0x33f64318, 0x33f64400, 0x34600000)
    ro space 10240K,  45% used [0x37a00000, 0x37e89b28, 0x37e89c00, 0x38400000)
    rw space 12288K,  54% used [0x38400000, 0x38a8d0e8, 0x38a8d200, 0x39000000)
Event: 18.084 GC heap after
Heap after GC invocations=19 (full 1):
 def new generation   total 8000K, used 339K [0x23a00000, 0x242a0000, 0x28f50000)
  eden space 7168K,   0% used [0x23a00000, 0x23a00000, 0x24100000)
  from space 832K,  40% used [0x241d0000, 0x24224da0, 0x242a0000)
  to   space 832K,   0% used [0x24100000, 0x24100000, 0x241d0000)
 tenured generation   total 17580K, used 14669K [0x28f50000, 0x2a07b000, 0x33a00000)
   the space 17580K,  83% used [0x28f50000, 0x29da3428, 0x29da3600, 0x2a07b000)
 compacting perm gen  total 12288K, used 5520K [0x33a00000, 0x34600000, 0x37a00000)
   the space 12288K,  44% used [0x33a00000, 0x33f64318, 0x33f64400, 0x34600000)
    ro space 10240K,  45% used [0x37a00000, 0x37e89b28, 0x37e89c00, 0x38400000)
    rw space 12288K,  54% used [0x38400000, 0x38a8d0e8, 0x38a8d200, 0x39000000)
}

