# JRE version: 7.0_25-b17
# Java VM: Java HotSpot(TM) Client VM (23.25-b01 mixed mode, sharing windows-x86 )
Heap
 def new generation   total 4928K, used 1918K [0x23a00000, 0x23f50000, 0x28f50000)
  eden space 4416K,  37% used [0x23a00000, 0x23b9ca58, 0x23e50000)
  from space 512K,  52% used [0x23e50000, 0x23e930c8, 0x23ed0000)
  to   space 512K,   0% used [0x23ed0000, 0x23ed0000, 0x23f50000)
 tenured generation   total 10944K, used 10912K [0x28f50000, 0x29a00000, 0x33a00000)
   the space 10944K,  99% used [0x28f50000, 0x299f8250, 0x299f8400, 0x29a00000)
 compacting perm gen  total 12288K, used 5492K [0x33a00000, 0x34600000, 0x37a00000)
   the space 12288K,  44% used [0x33a00000, 0x33f5d320, 0x33f5d400, 0x34600000)
    ro space 10240K,  45% used [0x37a00000, 0x37e89b28, 0x37e89c00, 0x38400000)
    rw space 12288K,  54% used [0x38400000, 0x38a8d0e8, 0x38a8d200, 0x39000000)
GC Heap History (10 events):
Event: 10.333 GC heap before
{Heap before GC invocations=17 (full 0):
 def new generation   total 4928K, used 4510K [0x23a00000, 0x23f50000, 0x28f50000)
  eden space 4416K,  99% used [0x23a00000, 0x23e4f8f0, 0x23e50000)
  from space 512K,  18% used [0x23ed0000, 0x23ee7fe8, 0x23f50000)
  to   space 512K,   0% used [0x23e50000, 0x23e50000, 0x23ed0000)
 tenured generation   total 10944K, used 10912K [0x28f50000, 0x29a00000, 0x33a00000)
   the space 10944K,  99% used [0x28f50000, 0x299f8250, 0x299f8400, 0x29a00000)
 compacting perm gen  total 12288K, used 5482K [0x33a00000, 0x34600000, 0x37a00000)
   the space 12288K,  44% used [0x33a00000, 0x33f5a9b8, 0x33f5aa00, 0x34600000)
    ro space 10240K,  45% used [0x37a00000, 0x37e89b28, 0x37e89c00, 0x38400000)
    rw space 12288K,  54% used [0x38400000, 0x38a8d0e8, 0x38a8d200, 0x39000000)
Event: 10.334 GC heap after
Heap after GC invocations=18 (full 0):
 def new generation   total 4928K, used 95K [0x23a00000, 0x23f50000, 0x28f50000)
  eden space 4416K,   0% used [0x23a00000, 0x23a00000, 0x23e50000)
  from space 512K,  18% used [0x23e50000, 0x23e67fe8, 0x23ed0000)
  to   space 512K,   0% used [0x23ed0000, 0x23ed0000, 0x23f50000)
 tenured generation   total 10944K, used 10912K [0x28f50000, 0x29a00000, 0x33a00000)
   the space 10944K,  99% used [0x28f50000, 0x299f8250, 0x299f8400, 0x29a00000)
 compacting perm gen  total 12288K, used 5482K [0x33a00000, 0x34600000, 0x37a00000)
   the space 12288K,  44% used [0x33a00000, 0x33f5a9b8, 0x33f5aa00, 0x34600000)
    ro space 10240K,  45% used [0x37a00000, 0x37e89b28, 0x37e89c00, 0x38400000)
    rw space 12288K,  54% used [0x38400000, 0x38a8d0e8, 0x38a8d200, 0x39000000)
}
Event: 10.370 GC heap before
{Heap before GC invocations=18 (full 0):
 def new generation   total 4928K, used 4509K [0x23a00000, 0x23f50000, 0x28f50000)
  eden space 4416K,  99% used [0x23a00000, 0x23e4f420, 0x23e50000)
  from space 512K,  18% used [0x23e50000, 0x23e67fe8, 0x23ed0000)
  to   space 512K,   0% used [0x23ed0000, 0x23ed0000, 0x23f50000)
 tenured generation   total 10944K, used 10912K [0x28f50000, 0x29a00000, 0x33a00000)
   the space 10944K,  99% used [0x28f50000, 0x299f8250, 0x299f8400, 0x29a00000)
 compacting perm gen  total 12288K, used 5482K [0x33a00000, 0x34600000, 0x37a00000)
   the space 12288K,  44% used [0x33a00000, 0x33f5a9b8, 0x33f5aa00, 0x34600000)
    ro space 10240K,  45% used [0x37a00000, 0x37e89b28, 0x37e89c00, 0x38400000)
    rw space 12288K,  54% used [0x38400000, 0x38a8d0e8, 0x38a8d200, 0x39000000)
Event: 10.371 GC heap after
Heap after GC invocations=19 (full 0):
 def new generation   total 4928K, used 95K [0x23a00000, 0x23f50000, 0x28f50000)
  eden space 4416K,   0% used [0x23a00000, 0x23a00000, 0x23e50000)
  from space 512K,  18% used [0x23ed0000, 0x23ee7fe8, 0x23f50000)
  to   space 512K,   0% used [0x23e50000, 0x23e50000, 0x23ed0000)
 tenured generation   total 10944K, used 10912K [0x28f50000, 0x29a00000, 0x33a00000)
   the space 10944K,  99% used [0x28f50000, 0x299f8250, 0x299f8400, 0x29a00000)
 compacting perm gen  total 12288K, used 5482K [0x33a00000, 0x34600000, 0x37a00000)
   the space 12288K,  44% used [0x33a00000, 0x33f5a9b8, 0x33f5aa00, 0x34600000)
    ro space 10240K,  45% used [0x37a00000, 0x37e89b28, 0x37e89c00, 0x38400000)
    rw space 12288K,  54% used [0x38400000, 0x38a8d0e8, 0x38a8d200, 0x39000000)
}
Event: 10.410 GC heap before
{Heap before GC invocations=19 (full 0):
 def new generation   total 4928K, used 4510K [0x23a00000, 0x23f50000, 0x28f50000)
  eden space 4416K,  99% used [0x23a00000, 0x23e4fa80, 0x23e50000)
  from space 512K,  18% used [0x23ed0000, 0x23ee7fe8, 0x23f50000)
  to   space 512K,   0% used [0x23e50000, 0x23e50000, 0x23ed0000)
 tenured generation   total 10944K, used 10912K [0x28f50000, 0x29a00000, 0x33a00000)
   the space 10944K,  99% used [0x28f50000, 0x299f8250, 0x299f8400, 0x29a00000)
 compacting perm gen  total 12288K, used 5482K [0x33a00000, 0x34600000, 0x37a00000)
   the space 12288K,  44% used [0x33a00000, 0x33f5a9b8, 0x33f5aa00, 0x34600000)
    ro space 10240K,  45% used [0x37a00000, 0x37e89b28, 0x37e89c00, 0x38400000)
    rw space 12288K,  54% used [0x38400000, 0x38a8d0e8, 0x38a8d200, 0x39000000)
Event: 10.412 GC heap after
Heap after GC invocations=20 (full 0):
 def new generation   total 4928K, used 95K [0x23a00000, 0x23f50000, 0x28f50000)
  eden space 4416K,   0% used [0x23a00000, 0x23a00000, 0x23e50000)
  from space 512K,  18% used [0x23e50000, 0x23e67fe8, 0x23ed0000)
  to   space 512K,   0% used [0x23ed0000, 0x23ed0000, 0x23f50000)
 tenured generation   total 10944K, used 10912K [0x28f50000, 0x29a00000, 0x33a00000)
   the space 10944K,  99% used [0x28f50000, 0x299f8250, 0x299f8400, 0x29a00000)
 compacting perm gen  total 12288K, used 5482K [0x33a00000, 0x34600000, 0x37a00000)
   the space 12288K,  44% used [0x33a00000, 0x33f5a9b8, 0x33f5aa00, 0x34600000)
    ro space 10240K,  45% used [0x37a00000, 0x37e89b28, 0x37e89c00, 0x38400000)
    rw space 12288K,  54% used [0x38400000, 0x38a8d0e8, 0x38a8d200, 0x39000000)
}
Event: 14.356 GC heap before
{Heap before GC invocations=20 (full 0):
 def new generation   total 4928K, used 4506K [0x23a00000, 0x23f50000, 0x28f50000)
  eden space 4416K,  99% used [0x23a00000, 0x23e4e818, 0x23e50000)
  from space 512K,  18% used [0x23e50000, 0x23e67fe8, 0x23ed0000)
  to   space 512K,   0% used [0x23ed0000, 0x23ed0000, 0x23f50000)
 tenured generation   total 10944K, used 10912K [0x28f50000, 0x29a00000, 0x33a00000)
   the space 10944K,  99% used [0x28f50000, 0x299f8250, 0x299f8400, 0x29a00000)
 compacting perm gen  total 12288K, used 5484K [0x33a00000, 0x34600000, 0x37a00000)
   the space 12288K,  44% used [0x33a00000, 0x33f5b168, 0x33f5b200, 0x34600000)
    ro space 10240K,  45% used [0x37a00000, 0x37e89b28, 0x37e89c00, 0x38400000)
    rw space 12288K,  54% used [0x38400000, 0x38a8d0e8, 0x38a8d200, 0x39000000)
Event: 14.357 GC heap after
Heap after GC invocations=21 (full 0):
 def new generation   total 4928K, used 246K [0x23a00000, 0x23f50000, 0x28f50000)
  eden space 4416K,   0% used [0x23a00000, 0x23a00000, 0x23e50000)
  from space 512K,  48% used [0x23ed0000, 0x23f0db08, 0x23f50000)
  to   space 512K,   0% used [0x23e50000, 0x23e50000, 0x23ed0000)
 tenured generation   total 10944K, used 10912K [0x28f50000, 0x29a00000, 0x33a00000)
   the space 10944K,  99% used [0x28f50000, 0x299f8250, 0x299f8400, 0x29a00000)
 compacting perm gen  total 12288K, used 5484K [0x33a00000, 0x34600000, 0x37a00000)
   the space 12288K,  44% used [0x33a00000, 0x33f5b168, 0x33f5b200, 0x34600000)
    ro space 10240K,  45% used [0x37a00000, 0x37e89b28, 0x37e89c00, 0x38400000)
    rw space 12288K,  54% used [0x38400000, 0x38a8d0e8, 0x38a8d200, 0x39000000)
}
Event: 19.465 GC heap before
{Heap before GC invocations=21 (full 0):
 def new generation   total 4928K, used 4662K [0x23a00000, 0x23f50000, 0x28f50000)
  eden space 4416K, 100% used [0x23a00000, 0x23e50000, 0x23e50000)
  from space 512K,  48% used [0x23ed0000, 0x23f0db08, 0x23f50000)
  to   space 512K,   0% used [0x23e50000, 0x23e50000, 0x23ed0000)
 tenured generation   total 10944K, used 10912K [0x28f50000, 0x29a00000, 0x33a00000)
   the space 10944K,  99% used [0x28f50000, 0x299f8250, 0x299f8400, 0x29a00000)
 compacting perm gen  total 12288K, used 5489K [0x33a00000, 0x34600000, 0x37a00000)
   the space 12288K,  44% used [0x33a00000, 0x33f5c7a8, 0x33f5c800, 0x34600000)
    ro space 10240K,  45% used [0x37a00000, 0x37e89b28, 0x37e89c00, 0x38400000)
    rw space 12288K,  54% used [0x38400000, 0x38a8d0e8, 0x38a8d200, 0x39000000)
Event: 19.467 GC heap after
Heap after GC invocations=22 (full 0):
 def new generation   total 4928K, used 268K [0x23a00000, 0x23f50000, 0x28f50000)
  eden space 4416K,   0% used [0x23a00000, 0x23a00000, 0x23e50000)
  from space 512K,  52% used [0x23e50000, 0x23e930c8, 0x23ed0000)
  to   space 512K,   0% used [0x23ed0000, 0x23ed0000, 0x23f50000)
 tenured generation   total 10944K, used 10912K [0x28f50000, 0x29a00000, 0x33a00000)
   the space 10944K,  99% used [0x28f50000, 0x299f8250, 0x299f8400, 0x29a00000)
 compacting perm gen  total 12288K, used 5489K [0x33a00000, 0x34600000, 0x37a00000)
   the space 12288K,  44% used [0x33a00000, 0x33f5c7a8, 0x33f5c800, 0x34600000)
    ro space 10240K,  45% used [0x37a00000, 0x37e89b28, 0x37e89c00, 0x38400000)
    rw space 12288K,  54% used [0x38400000, 0x38a8d0e8, 0x38a8d200, 0x39000000)
}

