# JRE version: 7.0_25-b17
# Java VM: Java HotSpot(TM) Client VM (23.25-b01 mixed mode, sharing windows-x86 )
Heap
 def new generation   total 4928K, used 2833K [0x23a00000, 0x23f50000, 0x28f50000)
  eden space 4416K,  63% used [0x23a00000, 0x23cbd418, 0x23e50000)
  from space 512K,   5% used [0x23e50000, 0x23e57358, 0x23ed0000)
  to   space 512K,   0% used [0x23ed0000, 0x23ed0000, 0x23f50000)
 tenured generation   total 10944K, used 10867K [0x28f50000, 0x29a00000, 0x33a00000)
   the space 10944K,  99% used [0x28f50000, 0x299ecc88, 0x299ece00, 0x29a00000)
 compacting perm gen  total 12288K, used 5502K [0x33a00000, 0x34600000, 0x37a00000)
   the space 12288K,  44% used [0x33a00000, 0x33f5fb40, 0x33f5fc00, 0x34600000)
    ro space 10240K,  45% used [0x37a00000, 0x37e89b28, 0x37e89c00, 0x38400000)
    rw space 12288K,  54% used [0x38400000, 0x38a8d0e8, 0x38a8d200, 0x39000000)
GC Heap History (10 events):
Event: 8.751 GC heap before
{Heap before GC invocations=15 (full 0):
 def new generation   total 4928K, used 4486K [0x23a00000, 0x23f50000, 0x28f50000)
  eden space 4416K, 100% used [0x23a00000, 0x23e50000, 0x23e50000)
  from space 512K,  13% used [0x23ed0000, 0x23ee1a40, 0x23f50000)
  to   space 512K,   0% used [0x23e50000, 0x23e50000, 0x23ed0000)
 tenured generation   total 10944K, used 10867K [0x28f50000, 0x29a00000, 0x33a00000)
   the space 10944K,  99% used [0x28f50000, 0x299ecc88, 0x299ece00, 0x29a00000)
 compacting perm gen  total 12288K, used 5500K [0x33a00000, 0x34600000, 0x37a00000)
   the space 12288K,  44% used [0x33a00000, 0x33f5f008, 0x33f5f200, 0x34600000)
    ro space 10240K,  45% used [0x37a00000, 0x37e89b28, 0x37e89c00, 0x38400000)
    rw space 12288K,  54% used [0x38400000, 0x38a8d0e8, 0x38a8d200, 0x39000000)
Event: 8.752 GC heap after
Heap after GC invocations=16 (full 0):
 def new generation   total 4928K, used 28K [0x23a00000, 0x23f50000, 0x28f50000)
  eden space 4416K,   0% used [0x23a00000, 0x23a00000, 0x23e50000)
  from space 512K,   5% used [0x23e50000, 0x23e57358, 0x23ed0000)
  to   space 512K,   0% used [0x23ed0000, 0x23ed0000, 0x23f50000)
 tenured generation   total 10944K, used 10867K [0x28f50000, 0x29a00000, 0x33a00000)
   the space 10944K,  99% used [0x28f50000, 0x299ecc88, 0x299ece00, 0x29a00000)
 compacting perm gen  total 12288K, used 5500K [0x33a00000, 0x34600000, 0x37a00000)
   the space 12288K,  44% used [0x33a00000, 0x33f5f008, 0x33f5f200, 0x34600000)
    ro space 10240K,  45% used [0x37a00000, 0x37e89b28, 0x37e89c00, 0x38400000)
    rw space 12288K,  54% used [0x38400000, 0x38a8d0e8, 0x38a8d200, 0x39000000)
}
Event: 8.781 GC heap before
{Heap before GC invocations=16 (full 0):
 def new generation   total 4928K, used 4443K [0x23a00000, 0x23f50000, 0x28f50000)
  eden space 4416K,  99% used [0x23a00000, 0x23e4fb30, 0x23e50000)
  from space 512K,   5% used [0x23e50000, 0x23e57358, 0x23ed0000)
  to   space 512K,   0% used [0x23ed0000, 0x23ed0000, 0x23f50000)
 tenured generation   total 10944K, used 10867K [0x28f50000, 0x29a00000, 0x33a00000)
   the space 10944K,  99% used [0x28f50000, 0x299ecc88, 0x299ece00, 0x29a00000)
 compacting perm gen  total 12288K, used 5500K [0x33a00000, 0x34600000, 0x37a00000)
   the space 12288K,  44% used [0x33a00000, 0x33f5f008, 0x33f5f200, 0x34600000)
    ro space 10240K,  45% used [0x37a00000, 0x37e89b28, 0x37e89c00, 0x38400000)
    rw space 12288K,  54% used [0x38400000, 0x38a8d0e8, 0x38a8d200, 0x39000000)
Event: 8.782 GC heap after
Heap after GC invocations=17 (full 0):
 def new generation   total 4928K, used 28K [0x23a00000, 0x23f50000, 0x28f50000)
  eden space 4416K,   0% used [0x23a00000, 0x23a00000, 0x23e50000)
  from space 512K,   5% used [0x23ed0000, 0x23ed7358, 0x23f50000)
  to   space 512K,   0% used [0x23e50000, 0x23e50000, 0x23ed0000)
 tenured generation   total 10944K, used 10867K [0x28f50000, 0x29a00000, 0x33a00000)
   the space 10944K,  99% used [0x28f50000, 0x299ecc88, 0x299ece00, 0x29a00000)
 compacting perm gen  total 12288K, used 5500K [0x33a00000, 0x34600000, 0x37a00000)
   the space 12288K,  44% used [0x33a00000, 0x33f5f008, 0x33f5f200, 0x34600000)
    ro space 10240K,  45% used [0x37a00000, 0x37e89b28, 0x37e89c00, 0x38400000)
    rw space 12288K,  54% used [0x38400000, 0x38a8d0e8, 0x38a8d200, 0x39000000)
}
Event: 8.808 GC heap before
{Heap before GC invocations=17 (full 0):
 def new generation   total 4928K, used 4442K [0x23a00000, 0x23f50000, 0x28f50000)
  eden space 4416K,  99% used [0x23a00000, 0x23e4f710, 0x23e50000)
  from space 512K,   5% used [0x23ed0000, 0x23ed7358, 0x23f50000)
  to   space 512K,   0% used [0x23e50000, 0x23e50000, 0x23ed0000)
 tenured generation   total 10944K, used 10867K [0x28f50000, 0x29a00000, 0x33a00000)
   the space 10944K,  99% used [0x28f50000, 0x299ecc88, 0x299ece00, 0x29a00000)
 compacting perm gen  total 12288K, used 5500K [0x33a00000, 0x34600000, 0x37a00000)
   the space 12288K,  44% used [0x33a00000, 0x33f5f008, 0x33f5f200, 0x34600000)
    ro space 10240K,  45% used [0x37a00000, 0x37e89b28, 0x37e89c00, 0x38400000)
    rw space 12288K,  54% used [0x38400000, 0x38a8d0e8, 0x38a8d200, 0x39000000)
Event: 8.809 GC heap after
Heap after GC invocations=18 (full 0):
 def new generation   total 4928K, used 28K [0x23a00000, 0x23f50000, 0x28f50000)
  eden space 4416K,   0% used [0x23a00000, 0x23a00000, 0x23e50000)
  from space 512K,   5% used [0x23e50000, 0x23e57358, 0x23ed0000)
  to   space 512K,   0% used [0x23ed0000, 0x23ed0000, 0x23f50000)
 tenured generation   total 10944K, used 10867K [0x28f50000, 0x29a00000, 0x33a00000)
   the space 10944K,  99% used [0x28f50000, 0x299ecc88, 0x299ece00, 0x29a00000)
 compacting perm gen  total 12288K, used 5500K [0x33a00000, 0x34600000, 0x37a00000)
   the space 12288K,  44% used [0x33a00000, 0x33f5f008, 0x33f5f200, 0x34600000)
    ro space 10240K,  45% used [0x37a00000, 0x37e89b28, 0x37e89c00, 0x38400000)
    rw space 12288K,  54% used [0x38400000, 0x38a8d0e8, 0x38a8d200, 0x39000000)
}
Event: 8.845 GC heap before
{Heap before GC invocations=18 (full 0):
 def new generation   total 4928K, used 4441K [0x23a00000, 0x23f50000, 0x28f50000)
  eden space 4416K,  99% used [0x23a00000, 0x23e4f2e0, 0x23e50000)
  from space 512K,   5% used [0x23e50000, 0x23e57358, 0x23ed0000)
  to   space 512K,   0% used [0x23ed0000, 0x23ed0000, 0x23f50000)
 tenured generation   total 10944K, used 10867K [0x28f50000, 0x29a00000, 0x33a00000)
   the space 10944K,  99% used [0x28f50000, 0x299ecc88, 0x299ece00, 0x29a00000)
 compacting perm gen  total 12288K, used 5500K [0x33a00000, 0x34600000, 0x37a00000)
   the space 12288K,  44% used [0x33a00000, 0x33f5f008, 0x33f5f200, 0x34600000)
    ro space 10240K,  45% used [0x37a00000, 0x37e89b28, 0x37e89c00, 0x38400000)
    rw space 12288K,  54% used [0x38400000, 0x38a8d0e8, 0x38a8d200, 0x39000000)
Event: 8.846 GC heap after
Heap after GC invocations=19 (full 0):
 def new generation   total 4928K, used 28K [0x23a00000, 0x23f50000, 0x28f50000)
  eden space 4416K,   0% used [0x23a00000, 0x23a00000, 0x23e50000)
  from space 512K,   5% used [0x23ed0000, 0x23ed7358, 0x23f50000)
  to   space 512K,   0% used [0x23e50000, 0x23e50000, 0x23ed0000)
 tenured generation   total 10944K, used 10867K [0x28f50000, 0x29a00000, 0x33a00000)
   the space 10944K,  99% used [0x28f50000, 0x299ecc88, 0x299ece00, 0x29a00000)
 compacting perm gen  total 12288K, used 5500K [0x33a00000, 0x34600000, 0x37a00000)
   the space 12288K,  44% used [0x33a00000, 0x33f5f008, 0x33f5f200, 0x34600000)
    ro space 10240K,  45% used [0x37a00000, 0x37e89b28, 0x37e89c00, 0x38400000)
    rw space 12288K,  54% used [0x38400000, 0x38a8d0e8, 0x38a8d200, 0x39000000)
}
Event: 8.885 GC heap before
{Heap before GC invocations=19 (full 0):
 def new generation   total 4928K, used 4444K [0x23a00000, 0x23f50000, 0x28f50000)
  eden space 4416K,  99% used [0x23a00000, 0x23e4ff40, 0x23e50000)
  from space 512K,   5% used [0x23ed0000, 0x23ed7358, 0x23f50000)
  to   space 512K,   0% used [0x23e50000, 0x23e50000, 0x23ed0000)
 tenured generation   total 10944K, used 10867K [0x28f50000, 0x29a00000, 0x33a00000)
   the space 10944K,  99% used [0x28f50000, 0x299ecc88, 0x299ece00, 0x29a00000)
 compacting perm gen  total 12288K, used 5500K [0x33a00000, 0x34600000, 0x37a00000)
   the space 12288K,  44% used [0x33a00000, 0x33f5f008, 0x33f5f200, 0x34600000)
    ro space 10240K,  45% used [0x37a00000, 0x37e89b28, 0x37e89c00, 0x38400000)
    rw space 12288K,  54% used [0x38400000, 0x38a8d0e8, 0x38a8d200, 0x39000000)
Event: 8.886 GC heap after
Heap after GC invocations=20 (full 0):
 def new generation   total 4928K, used 28K [0x23a00000, 0x23f50000, 0x28f50000)
  eden space 4416K,   0% used [0x23a00000, 0x23a00000, 0x23e50000)
  from space 512K,   5% used [0x23e50000, 0x23e57358, 0x23ed0000)
  to   space 512K,   0% used [0x23ed0000, 0x23ed0000, 0x23f50000)
 tenured generation   total 10944K, used 10867K [0x28f50000, 0x29a00000, 0x33a00000)
   the space 10944K,  99% used [0x28f50000, 0x299ecc88, 0x299ece00, 0x29a00000)
 compacting perm gen  total 12288K, used 5500K [0x33a00000, 0x34600000, 0x37a00000)
   the space 12288K,  44% used [0x33a00000, 0x33f5f008, 0x33f5f200, 0x34600000)
    ro space 10240K,  45% used [0x37a00000, 0x37e89b28, 0x37e89c00, 0x38400000)
    rw space 12288K,  54% used [0x38400000, 0x38a8d0e8, 0x38a8d200, 0x39000000)
}

